\BOOKMARK [1][-]{section.1}{Reminder on signal dynamics}{}% 1
\BOOKMARK [1][-]{section.2}{Webserver}{}% 2
\BOOKMARK [1][-]{section.3}{Double voltage source}{}% 3
\BOOKMARK [1][-]{section.4}{Double DDS}{}% 4
\BOOKMARK [2][-]{subsection.4.1}{IP configuration}{section.4}% 5
\BOOKMARK [2][-]{subsection.4.2}{Webserver configuration}{section.4}% 6
\BOOKMARK [2][-]{subsection.4.3}{Expected output}{section.4}% 7
\BOOKMARK [2][-]{subsection.4.4}{Unexpected output}{section.4}% 8
\BOOKMARK [1][-]{section.5}{Amplitude modulation}{}% 9
\BOOKMARK [2][-]{subsection.5.1}{IP configuration}{section.5}% 10
\BOOKMARK [2][-]{subsection.5.2}{Webserver configuration}{section.5}% 11
\BOOKMARK [2][-]{subsection.5.3}{Expected output}{section.5}% 12
\BOOKMARK [2][-]{subsection.5.4}{Unexpected output}{section.5}% 13
\BOOKMARK [1][-]{section.6}{Sine perturbation of a signal}{}% 14
\BOOKMARK [2][-]{subsection.6.1}{IP configuration}{section.6}% 15
\BOOKMARK [2][-]{subsection.6.2}{Webserver configuration}{section.6}% 16
\BOOKMARK [2][-]{subsection.6.3}{Expected output}{section.6}% 17
\BOOKMARK [2][-]{subsection.6.4}{Unexpected output}{section.6}% 18
\BOOKMARK [1][-]{section.7}{Frequency and phase modulation of a NCO}{}% 19
\BOOKMARK [2][-]{subsection.7.1}{IP configuration}{section.7}% 20
\BOOKMARK [2][-]{subsection.7.2}{Webserver configuration}{section.7}% 21
\BOOKMARK [2][-]{subsection.7.3}{Expected frequency modulation}{section.7}% 22
\BOOKMARK [2][-]{subsection.7.4}{Expected phase modulation}{section.7}% 23
\BOOKMARK [2][-]{subsection.7.5}{Unexpected output}{section.7}% 24
\BOOKMARK [1][-]{section.8}{Filtering}{}% 25
\BOOKMARK [2][-]{subsection.8.1}{Calculation of the coefficients}{section.8}% 26
\BOOKMARK [2][-]{subsection.8.2}{Loading of the coefficients}{section.8}% 27
\BOOKMARK [1][-]{section.9}{Demodulation}{}% 28
\BOOKMARK [2][-]{subsection.9.1}{IP configuration}{section.9}% 29
\BOOKMARK [2][-]{subsection.9.2}{Webserver configuration}{section.9}% 30
\BOOKMARK [2][-]{subsection.9.3}{Expected output}{section.9}% 31
\BOOKMARK [2][-]{subsection.9.4}{Unexpected output}{section.9}% 32
\BOOKMARK [1][-]{section.10}{Monitoring}{}% 33
\BOOKMARK [2][-]{subsection.10.1}{IP configuration}{section.10}% 34
\BOOKMARK [2][-]{subsection.10.2}{Data reading}{section.10}% 35
\BOOKMARK [2][-]{subsection.10.3}{Data sending}{section.10}% 36
\BOOKMARK [2][-]{subsection.10.4}{Data receiving}{section.10}% 37
\BOOKMARK [2][-]{subsection.10.5}{Data monitoring}{section.10}% 38
\BOOKMARK [2][-]{subsection.10.6}{Expected output}{section.10}% 39
\BOOKMARK [2][-]{subsection.10.7}{Unexpected output}{section.10}% 40
\BOOKMARK [1][-]{section.11}{Example to a control loop}{}% 41
\BOOKMARK [2][-]{subsection.11.1}{IP configuration}{section.11}% 42
\BOOKMARK [2][-]{subsection.11.2}{Webserver configuration}{section.11}% 43
\BOOKMARK [2][-]{subsection.11.3}{Expected output}{section.11}% 44
\BOOKMARK [3][-]{subsubsection.11.3.1}{Load the fir coefficients}{subsection.11.3}% 45
\BOOKMARK [3][-]{subsubsection.11.3.2}{Adjust the ADC and DAC offsets}{subsection.11.3}% 46
\BOOKMARK [3][-]{subsubsection.11.3.3}{Make the modulation/demodulation chain}{subsection.11.3}% 47
\BOOKMARK [3][-]{subsubsection.11.3.4}{Adjust the dynamic range}{subsection.11.3}% 48
\BOOKMARK [3][-]{subsubsection.11.3.5}{Lock the noise of the small RF link}{subsection.11.3}% 49
\BOOKMARK [3][-]{subsubsection.11.3.6}{Frequency reference}{subsection.11.3}% 50
\BOOKMARK [1][-]{section.12}{FAQ}{}% 51
